Using pre-set license
Built from '2020.3/staging' branch; Version is '2020.3.25f1 (9b9180224418) revision 10195328'; Using compiler version '192528614'; Build Type 'Release'
OS: 'Windows 10  (10.0.19044) 64bit Professional' Language: 'en' Physical Memory: 16070 MB
BatchMode: 1, IsHumanControllingUs: 0, StartBugReporterOnCrash: 0, Is64bit: 1, IsPro: 0

COMMAND LINE ARGUMENTS:
C:\Program Files\Unity\Hub\Editor\2020.3.25f1\Editor\Unity.exe
-adb2
-batchMode
-noUpm
-name
AssetImportWorker2
-projectPath
C:/Users/xuanh/Documents/GitHub/Birds
-logFile
Logs/AssetImportWorker2.log
-srvPort
61056
Successfully changed project path to: C:/Users/xuanh/Documents/GitHub/Birds
C:/Users/xuanh/Documents/GitHub/Birds
Using Asset Import Pipeline V2.
Refreshing native plugins compatible for Editor in 119.99 ms, found 3 plugins.
Preloading 0 native plugins for Editor in 0.00 ms.
Initialize engine version: 2020.3.25f1 (9b9180224418)
[Subsystems] Discovering subsystems at path C:/Program Files/Unity/Hub/Editor/2020.3.25f1/Editor/Data/Resources/UnitySubsystems
[Subsystems] Discovering subsystems at path C:/Users/xuanh/Documents/GitHub/Birds/Assets
GfxDevice: creating device client; threaded=0
Direct3D:
    Version:  Direct3D 11.0 [level 11.0]
    Renderer: NVIDIA GeForce GT 730M (ID=0x1290)
    Vendor:   
    VRAM:     986 MB
    Driver:   25.21.14.2591
Initialize mono
Mono path[0] = 'C:/Program Files/Unity/Hub/Editor/2020.3.25f1/Editor/Data/Managed'
Mono path[1] = 'C:/Program Files/Unity/Hub/Editor/2020.3.25f1/Editor/Data/MonoBleedingEdge/lib/mono/unityjit'
Mono config path = 'C:/Program Files/Unity/Hub/Editor/2020.3.25f1/Editor/Data/MonoBleedingEdge/etc'
Using monoOptions --debugger-agent=transport=dt_socket,embedding=1,server=y,suspend=n,address=127.0.0.1:56636
Begin MonoManager ReloadAssembly
Registering precompiled unity dll's ...
Register platform support module: C:/Program Files/Unity/Hub/Editor/2020.3.25f1/Editor/Data/PlaybackEngines/WindowsStandaloneSupport/UnityEditor.WindowsStandalone.Extensions.dll
Registered in 0.004606 seconds.
Native extension for WindowsStandalone target not found
Refreshing native plugins compatible for Editor in 81.70 ms, found 3 plugins.
Preloading 0 native plugins for Editor in 0.00 ms.
Mono: successfully reloaded assembly
- Completed reload, in  3.622 seconds
Domain Reload Profiling:
	ReloadAssembly (3623ms)
		BeginReloadAssembly (753ms)
			ExecutionOrderSort (0ms)
			DisableScriptedObjects (0ms)
			BackupInstance (0ms)
			ReleaseScriptingObjects (0ms)
			CreateAndSetChildDomain (136ms)
		EndReloadAssembly (2700ms)
			LoadAssemblies (611ms)
			RebuildTransferFunctionScriptingTraits (0ms)
			SetupTypeCache (609ms)
			ReleaseScriptCaches (0ms)
			RebuildScriptCaches (132ms)
			SetupLoadedEditorAssemblies (246ms)
				LogAssemblyErrors (0ms)
				InitializePlatformSupportModulesInManaged (7ms)
				SetLoadedEditorAssemblies (1ms)
				RefreshPlugins (82ms)
				BeforeProcessingInitializeOnLoad (21ms)
				ProcessInitializeOnLoadAttributes (101ms)
				ProcessInitializeOnLoadMethodAttributes (34ms)
				AfterProcessingInitializeOnLoad (0ms)
				EditorAssembliesLoaded (0ms)
			ExecutionOrderSort2 (0ms)
			AwakeInstancesAfterBackupRestoration (0ms)
Platform modules already initialized, skipping
Registering precompiled user dll's ...
Registered in 0.005702 seconds.
Begin MonoManager ReloadAssembly
Native extension for WindowsStandalone target not found
Refreshing native plugins compatible for Editor in 57.98 ms, found 3 plugins.
Preloading 0 native plugins for Editor in 0.00 ms.
Mono: successfully reloaded assembly
- Completed reload, in  1.577 seconds
Domain Reload Profiling:
	ReloadAssembly (1578ms)
		BeginReloadAssembly (188ms)
			ExecutionOrderSort (0ms)
			DisableScriptedObjects (6ms)
			BackupInstance (0ms)
			ReleaseScriptingObjects (0ms)
			CreateAndSetChildDomain (25ms)
		EndReloadAssembly (1314ms)
			LoadAssemblies (131ms)
			RebuildTransferFunctionScriptingTraits (0ms)
			SetupTypeCache (392ms)
			ReleaseScriptCaches (1ms)
			RebuildScriptCaches (67ms)
			SetupLoadedEditorAssemblies (588ms)
				LogAssemblyErrors (0ms)
				InitializePlatformSupportModulesInManaged (4ms)
				SetLoadedEditorAssemblies (0ms)
				RefreshPlugins (58ms)
				BeforeProcessingInitializeOnLoad (105ms)
				ProcessInitializeOnLoadAttributes (390ms)
				ProcessInitializeOnLoadMethodAttributes (24ms)
				AfterProcessingInitializeOnLoad (7ms)
				EditorAssembliesLoaded (0ms)
			ExecutionOrderSort2 (0ms)
			AwakeInstancesAfterBackupRestoration (8ms)
Platform modules already initialized, skipping
========================================================================
Worker process is ready to serve import requests
Launched and connected shader compiler UnityShaderCompiler.exe after 0.14 seconds
Refreshing native plugins compatible for Editor in 0.61 ms, found 3 plugins.
Preloading 0 native plugins for Editor in 0.00 ms.
Unloading 2579 Unused Serialized files (Serialized files now loaded: 0)
System memory in use before: 112.5 MB.
System memory in use after: 112.7 MB.

Unloading 31 unused Assets to reduce memory usage. Loaded Objects now: 3017.
Total: 5.014700 ms (FindLiveObjects: 0.361000 ms CreateObjectMapping: 0.304200 ms MarkObjects: 4.240700 ms  DeleteObjects: 0.107300 ms)

AssetImportParameters requested are different than current active one (requested -> active):
  custom:framework-win-MediaFoundation: 216162199b28c13a410421893ffa2e32 -> 
  custom:video-decoder-ogg-theora: a1e56fd34408186e4bbccfd4996cb3dc -> 
  custom:container-muxer-webm: aa71ff27fc2769a1b78a27578f13a17b -> 
  custom:container-demuxer-webm: 4f35f7cbe854078d1ac9338744f61a02 -> 
  custom:container-demuxer-ogg: 62fdf1f143b41e24485cea50d1cbac27 -> 
  custom:video-encoder-webm-vp8: eb34c28f22e8b96e1ab97ce403110664 -> 
  custom:video-decoder-webm-vp8: 9c59270c3fd7afecdb556c50c9e8de78 -> 
  custom:audio-decoder-ogg-vorbis: bf7c407c2cedff20999df2af8eb42d56 -> 
  custom:audio-encoder-webm-vorbis: bf7c407c2cedff20999df2af8eb42d56 -> 
========================================================================
Received Import Request.
  path: Assets/Prefabs/gem_1.prefab
  artifactKey: Guid(51727673d1566fd4286824cbcd28a16d) Importer(815301076,1909f56bfc062723c751e8b465ee728b)
Start importing Assets/Prefabs/gem_1.prefab using Guid(51727673d1566fd4286824cbcd28a16d) Importer(815301076,1909f56bfc062723c751e8b465ee728b)  -> (artifact id: '05d5e5f1e76c0a1bd8f529e8e0b575be') in 0.142846 seconds 
  Import took 0.148365 seconds .

========================================================================
Received Import Request.
  Time since last request: 6.155182 seconds.
  path: Assets/Art
  artifactKey: Guid(b54b3fbeafe933846b8b21230ce38ae7) Importer(815301076,1909f56bfc062723c751e8b465ee728b)
Start importing Assets/Art using Guid(b54b3fbeafe933846b8b21230ce38ae7) Importer(815301076,1909f56bfc062723c751e8b465ee728b)  -> (artifact id: '4c633247b1c5798f344f57ac11efb0f6') in 0.018729 seconds 
  Import took 0.025588 seconds .

========================================================================
Received Import Request.
  Time since last request: 5.177567 seconds.
  path: Assets/Art/Crystal
  artifactKey: Guid(cfa4080f9f72f8f4ba0198de4fe86841) Importer(815301076,1909f56bfc062723c751e8b465ee728b)
Start importing Assets/Art/Crystal using Guid(cfa4080f9f72f8f4ba0198de4fe86841) Importer(815301076,1909f56bfc062723c751e8b465ee728b)  -> (artifact id: 'd4eb02b702474c64984428df521ab7c6') in 0.015691 seconds 
  Import took 0.022482 seconds .

========================================================================
Received Import Request.
  Time since last request: 6.409743 seconds.
  path: Assets/Art/Crystal/Crystal_1
  artifactKey: Guid(4b5fd767c23519148ac9c821eca780e8) Importer(815301076,1909f56bfc062723c751e8b465ee728b)
Start importing Assets/Art/Crystal/Crystal_1 using Guid(4b5fd767c23519148ac9c821eca780e8) Importer(815301076,1909f56bfc062723c751e8b465ee728b)  -> (artifact id: '1aa7154e1e80a4a790d0062b7ebd1a1e') in 0.023095 seconds 
  Import took 0.033017 seconds .

========================================================================
Received Import Request.
  Time since last request: 46.794327 seconds.
  path: Assets/Art/Crystal/Crystal_1/0001.png
  artifactKey: Guid(a190cc28baf432148b502c140c2fe836) Importer(815301076,1909f56bfc062723c751e8b465ee728b)
Start importing Assets/Art/Crystal/Crystal_1/0001.png using Guid(a190cc28baf432148b502c140c2fe836) Importer(815301076,1909f56bfc062723c751e8b465ee728b)  -> (artifact id: '368444e528aaa9ebb6b8136cccad9115') in 0.119533 seconds 
  Import took 0.126953 seconds .

========================================================================
Received Import Request.
  Time since last request: 0.000247 seconds.
  path: Assets/Art/Crystal/Crystal_1/0003.png
  artifactKey: Guid(bd380e78cd4cb744fb6e7f5c475c086f) Importer(815301076,1909f56bfc062723c751e8b465ee728b)
Start importing Assets/Art/Crystal/Crystal_1/0003.png using Guid(bd380e78cd4cb744fb6e7f5c475c086f) Importer(815301076,1909f56bfc062723c751e8b465ee728b)  -> (artifact id: '5c8c7f7cfba2b1bae40599026c8bcd86') in 0.046642 seconds 
  Import took 0.051529 seconds .

========================================================================
Received Import Request.
  Time since last request: 0.000246 seconds.
  path: Assets/Art/Crystal/Crystal_1/0005.png
  artifactKey: Guid(800fd079feeb4af4e9b8ed75df9f68a7) Importer(815301076,1909f56bfc062723c751e8b465ee728b)
Start importing Assets/Art/Crystal/Crystal_1/0005.png using Guid(800fd079feeb4af4e9b8ed75df9f68a7) Importer(815301076,1909f56bfc062723c751e8b465ee728b)  -> (artifact id: 'f17564dba93277cf3700fcbd9565e701') in 0.061986 seconds 
  Import took 0.067836 seconds .

========================================================================
Received Import Request.
  Time since last request: 0.000239 seconds.
  path: Assets/Art/Crystal/Crystal_1/0008.png
  artifactKey: Guid(cccfb82b542d11044b9ac594c2a3d1bb) Importer(815301076,1909f56bfc062723c751e8b465ee728b)
Start importing Assets/Art/Crystal/Crystal_1/0008.png using Guid(cccfb82b542d11044b9ac594c2a3d1bb) Importer(815301076,1909f56bfc062723c751e8b465ee728b)  -> (artifact id: '7a840ad6f205a26127026d89d49f0b7e') in 0.167093 seconds 
  Import took 0.175991 seconds .

========================================================================
Received Import Request.
  Time since last request: 0.000350 seconds.
  path: Assets/Art/Crystal/Crystal_1/0002.png
  artifactKey: Guid(51109cdc009454649b7bd962d13ff37a) Importer(815301076,1909f56bfc062723c751e8b465ee728b)
Start importing Assets/Art/Crystal/Crystal_1/0002.png using Guid(51109cdc009454649b7bd962d13ff37a) Importer(815301076,1909f56bfc062723c751e8b465ee728b)  -> (artifact id: 'ba7c5915918f4f20c8564c91646e7010') in 0.050252 seconds 
  Import took 0.057471 seconds .

========================================================================
Received Import Request.
  Time since last request: 0.000258 seconds.
  path: Assets/Art/Crystal/Crystal_1/0004.png
  artifactKey: Guid(c5a5ddabb598d7c43b714b4ae6f6a89e) Importer(815301076,1909f56bfc062723c751e8b465ee728b)
Start importing Assets/Art/Crystal/Crystal_1/0004.png using Guid(c5a5ddabb598d7c43b714b4ae6f6a89e) Importer(815301076,1909f56bfc062723c751e8b465ee728b)  -> (artifact id: 'adeb1b0b4e34d155181165f5917c0f93') in 0.064136 seconds 
  Import took 0.068858 seconds .

========================================================================
Received Import Request.
  Time since last request: 0.000220 seconds.
  path: Assets/Art/Crystal/Crystal_1/0006.png
  artifactKey: Guid(dc2650bffe2b31e41a313d1364b8f9fe) Importer(815301076,1909f56bfc062723c751e8b465ee728b)
Start importing Assets/Art/Crystal/Crystal_1/0006.png using Guid(dc2650bffe2b31e41a313d1364b8f9fe) Importer(815301076,1909f56bfc062723c751e8b465ee728b)  -> (artifact id: 'f4daf93e7599795c4e0da8f68c15b37a') in 0.037544 seconds 
  Import took 0.043473 seconds .

========================================================================
Received Import Request.
  Time since last request: 0.000330 seconds.
  path: Assets/Art/Crystal/Crystal_1/0007.png
  artifactKey: Guid(57d5e66e31bcafc408af1b1bb4aa9b43) Importer(815301076,1909f56bfc062723c751e8b465ee728b)
Start importing Assets/Art/Crystal/Crystal_1/0007.png using Guid(57d5e66e31bcafc408af1b1bb4aa9b43) Importer(815301076,1909f56bfc062723c751e8b465ee728b)  -> (artifact id: '6e87f4950d377b49d172e65095f31a65') in 0.049676 seconds 
  Import took 0.055546 seconds .

========================================================================
Received Import Request.
  Time since last request: 1.131209 seconds.
  path: Assets/Art/Crystal/Crystal_1/0009.png
  artifactKey: Guid(c06da0707e3b2284a97c1e5072a61f0e) Importer(815301076,1909f56bfc062723c751e8b465ee728b)
Start importing Assets/Art/Crystal/Crystal_1/0009.png using Guid(c06da0707e3b2284a97c1e5072a61f0e) Importer(815301076,1909f56bfc062723c751e8b465ee728b)  -> (artifact id: '1bdc1c85e952573be16b4ada8621cef7') in 0.038781 seconds 
  Import took 0.045126 seconds .

========================================================================
Received Import Request.
  Time since last request: 0.000361 seconds.
  path: Assets/Art/Crystal/Crystal_1/0011.png
  artifactKey: Guid(0403b41555ff6e34684cca4309b5a601) Importer(815301076,1909f56bfc062723c751e8b465ee728b)
Start importing Assets/Art/Crystal/Crystal_1/0011.png using Guid(0403b41555ff6e34684cca4309b5a601) Importer(815301076,1909f56bfc062723c751e8b465ee728b)  -> (artifact id: '5521e6c6f4a92a1774c069e616b30f24') in 0.039183 seconds 
  Import took 0.044547 seconds .

========================================================================
Received Import Request.
  Time since last request: 0.000217 seconds.
  path: Assets/Art/Crystal/Crystal_1/0010.png
  artifactKey: Guid(6df1f9723c420cb4fa077602a4f48b49) Importer(815301076,1909f56bfc062723c751e8b465ee728b)
Start importing Assets/Art/Crystal/Crystal_1/0010.png using Guid(6df1f9723c420cb4fa077602a4f48b49) Importer(815301076,1909f56bfc062723c751e8b465ee728b)  -> (artifact id: 'd49d2bc732d819be256daab377fcf9a2') in 0.036487 seconds 
  Import took 0.043746 seconds .

========================================================================
Received Import Request.
  Time since last request: 0.000225 seconds.
  path: Assets/Art/Crystal/Crystal_1/0013.png
  artifactKey: Guid(3d11cc3c6d565c347889c2f3596adf77) Importer(815301076,1909f56bfc062723c751e8b465ee728b)
Start importing Assets/Art/Crystal/Crystal_1/0013.png using Guid(3d11cc3c6d565c347889c2f3596adf77) Importer(815301076,1909f56bfc062723c751e8b465ee728b)  -> (artifact id: 'e27cb53990546b2a3ba8fb6a27a65cdc') in 0.036122 seconds 
  Import took 0.042022 seconds .

========================================================================
Received Import Request.
  Time since last request: 0.000196 seconds.
  path: Assets/Art/Crystal/Crystal_1/0012.png
  artifactKey: Guid(427987ec0216fbb40925986d9c99d73a) Importer(815301076,1909f56bfc062723c751e8b465ee728b)
Start importing Assets/Art/Crystal/Crystal_1/0012.png using Guid(427987ec0216fbb40925986d9c99d73a) Importer(815301076,1909f56bfc062723c751e8b465ee728b)  -> (artifact id: 'd37627c4558cf927f662a46d73ae3d21') in 0.035125 seconds 
  Import took 0.040999 seconds .

========================================================================
Received Import Request.
  Time since last request: 0.060197 seconds.
  path: Assets/Art/Crystal/Crystal_1/0014.png
  artifactKey: Guid(3f54f02b25da0ac48a5cde4388e3657b) Importer(815301076,1909f56bfc062723c751e8b465ee728b)
Start importing Assets/Art/Crystal/Crystal_1/0014.png using Guid(3f54f02b25da0ac48a5cde4388e3657b) Importer(815301076,1909f56bfc062723c751e8b465ee728b)  -> (artifact id: '2e2b4dc4b76c59cbfcfba6517e19fa25') in 0.037802 seconds 
  Import took 0.044007 seconds .

========================================================================
Received Import Request.
  Time since last request: 0.000314 seconds.
  path: Assets/Art/Crystal/Crystal_1/0016.png
  artifactKey: Guid(22c05ce5bd44424419b10b8b5b83171d) Importer(815301076,1909f56bfc062723c751e8b465ee728b)
Start importing Assets/Art/Crystal/Crystal_1/0016.png using Guid(22c05ce5bd44424419b10b8b5b83171d) Importer(815301076,1909f56bfc062723c751e8b465ee728b)  -> (artifact id: '844fa0869d035d0cd3251799a7892bb2') in 0.040121 seconds 
  Import took 0.046293 seconds .

========================================================================
Received Import Request.
  Time since last request: 0.000322 seconds.
  path: Assets/Art/Crystal/Crystal_1/0018.png
  artifactKey: Guid(005ca66d894da5e40bc165d0833c9439) Importer(815301076,1909f56bfc062723c751e8b465ee728b)
Start importing Assets/Art/Crystal/Crystal_1/0018.png using Guid(005ca66d894da5e40bc165d0833c9439) Importer(815301076,1909f56bfc062723c751e8b465ee728b)  -> (artifact id: '1e5b16c37796ff6365c6d2b6cbed6679') in 0.039687 seconds 
  Import took 0.045719 seconds .

========================================================================
Received Import Request.
  Time since last request: 0.000227 seconds.
  path: Assets/Art/Crystal/Crystal_1/0019.png
  artifactKey: Guid(5451fbfcc9c7c604595a7edcecc99053) Importer(815301076,1909f56bfc062723c751e8b465ee728b)
Start importing Assets/Art/Crystal/Crystal_1/0019.png using Guid(5451fbfcc9c7c604595a7edcecc99053) Importer(815301076,1909f56bfc062723c751e8b465ee728b)  -> (artifact id: '0159e3dac4f529d73d06f5c128271e33') in 0.036936 seconds 
  Import took 0.043020 seconds .

========================================================================
Received Import Request.
  Time since last request: 0.000219 seconds.
  path: Assets/Art/Crystal/Crystal_1/0017.png
  artifactKey: Guid(632a453bfb2e4554e8074d94f37c677f) Importer(815301076,1909f56bfc062723c751e8b465ee728b)
Start importing Assets/Art/Crystal/Crystal_1/0017.png using Guid(632a453bfb2e4554e8074d94f37c677f) Importer(815301076,1909f56bfc062723c751e8b465ee728b)  -> (artifact id: '2981a7a96b6ab91fe3910c4b55b40a29') in 0.040861 seconds 
  Import took 0.047714 seconds .

========================================================================
Received Import Request.
  Time since last request: 0.000233 seconds.
  path: Assets/Art/Crystal/Crystal_1/0015.png
  artifactKey: Guid(03e05ca42d1a050499593de91ae52223) Importer(815301076,1909f56bfc062723c751e8b465ee728b)
Start importing Assets/Art/Crystal/Crystal_1/0015.png using Guid(03e05ca42d1a050499593de91ae52223) Importer(815301076,1909f56bfc062723c751e8b465ee728b)  -> (artifact id: 'cf60383a73a6aca12ea0e72e6282dbe8') in 0.053651 seconds 
  Import took 0.058620 seconds .

========================================================================
Received Import Request.
  Time since last request: 0.010135 seconds.
  path: Assets/Art/Crystal/Crystal_1/0020.png
  artifactKey: Guid(dbdcef48b5ea5b446babc304e4a12e35) Importer(815301076,1909f56bfc062723c751e8b465ee728b)
Start importing Assets/Art/Crystal/Crystal_1/0020.png using Guid(dbdcef48b5ea5b446babc304e4a12e35) Importer(815301076,1909f56bfc062723c751e8b465ee728b)  -> (artifact id: '5691d1410ec1be5088982a8697a14754') in 0.034940 seconds 
  Import took 0.040274 seconds .

========================================================================
Received Import Request.
  Time since last request: 0.000236 seconds.
  path: Assets/Art/Crystal/Crystal_1/0021.png
  artifactKey: Guid(7791b7de58da200449e5c1e1c7730c9c) Importer(815301076,1909f56bfc062723c751e8b465ee728b)
Start importing Assets/Art/Crystal/Crystal_1/0021.png using Guid(7791b7de58da200449e5c1e1c7730c9c) Importer(815301076,1909f56bfc062723c751e8b465ee728b)  -> (artifact id: '7a0c1034ab9d1f49f4c99dee8f40451d') in 0.039241 seconds 
  Import took 0.047761 seconds .

========================================================================
Received Import Request.
  Time since last request: 0.000252 seconds.
  path: Assets/Art/Crystal/Crystal_1/0023.png
  artifactKey: Guid(cda05e50e3bd0a24ab29830bd0d8b76b) Importer(815301076,1909f56bfc062723c751e8b465ee728b)
Start importing Assets/Art/Crystal/Crystal_1/0023.png using Guid(cda05e50e3bd0a24ab29830bd0d8b76b) Importer(815301076,1909f56bfc062723c751e8b465ee728b)  -> (artifact id: '62213335acc9ef0253f121cd52624cb3') in 0.041876 seconds 
  Import took 0.048776 seconds .

========================================================================
Received Import Request.
  Time since last request: 0.000225 seconds.
  path: Assets/Art/Crystal/Crystal_1/0024.png
  artifactKey: Guid(644727e98ce9adb46ad0bafcb2edfa4c) Importer(815301076,1909f56bfc062723c751e8b465ee728b)
Start importing Assets/Art/Crystal/Crystal_1/0024.png using Guid(644727e98ce9adb46ad0bafcb2edfa4c) Importer(815301076,1909f56bfc062723c751e8b465ee728b)  -> (artifact id: '5df83e87ef4e73bd978536cb722ae7f3') in 0.038565 seconds 
  Import took 0.051345 seconds .

========================================================================
Received Import Request.
  Time since last request: 0.000231 seconds.
  path: Assets/Art/Crystal/Crystal_1/0022.png
  artifactKey: Guid(97e6a1fdcc95b1040ad4902e0a6fba21) Importer(815301076,1909f56bfc062723c751e8b465ee728b)
Start importing Assets/Art/Crystal/Crystal_1/0022.png using Guid(97e6a1fdcc95b1040ad4902e0a6fba21) Importer(815301076,1909f56bfc062723c751e8b465ee728b)  -> (artifact id: '866b705946e30da6bde20b6d70eaa383') in 0.038839 seconds 
  Import took 0.044060 seconds .

========================================================================
Received Import Request.
  Time since last request: 79.799304 seconds.
  path: Assets/Prefabs/gem_1.prefab
  artifactKey: Guid(51727673d1566fd4286824cbcd28a16d) Importer(815301076,1909f56bfc062723c751e8b465ee728b)
Start importing Assets/Prefabs/gem_1.prefab using Guid(51727673d1566fd4286824cbcd28a16d) Importer(815301076,1909f56bfc062723c751e8b465ee728b)  -> (artifact id: 'd1af3b3cf568a2b605735ef42e8229ae') in 0.028480 seconds 
  Import took 0.034881 seconds .

========================================================================
Received Import Request.
  Time since last request: 12.272375 seconds.
  path: Assets/Prefabs/gem_1.prefab
  artifactKey: Guid(51727673d1566fd4286824cbcd28a16d) Importer(815301076,1909f56bfc062723c751e8b465ee728b)
Start importing Assets/Prefabs/gem_1.prefab using Guid(51727673d1566fd4286824cbcd28a16d) Importer(815301076,1909f56bfc062723c751e8b465ee728b)  -> (artifact id: '934d5a13a1f2dc0ea1a21c6719699a0b') in 0.077358 seconds 
  Import took 0.087750 seconds .

========================================================================
Received Import Request.
  Time since last request: 6.826650 seconds.
  path: Assets/Prefabs/gem_1.prefab
  artifactKey: Guid(51727673d1566fd4286824cbcd28a16d) Importer(815301076,1909f56bfc062723c751e8b465ee728b)
Start importing Assets/Prefabs/gem_1.prefab using Guid(51727673d1566fd4286824cbcd28a16d) Importer(815301076,1909f56bfc062723c751e8b465ee728b)  -> (artifact id: '96b9b7db35f62c3dc4cd55a3501859fa') in 0.028247 seconds 
  Import took 0.033527 seconds .

========================================================================
Received Import Request.
  Time since last request: 1.207296 seconds.
  path: Assets/Prefabs/gem_1.prefab
  artifactKey: Guid(51727673d1566fd4286824cbcd28a16d) Importer(815301076,1909f56bfc062723c751e8b465ee728b)
Start importing Assets/Prefabs/gem_1.prefab using Guid(51727673d1566fd4286824cbcd28a16d) Importer(815301076,1909f56bfc062723c751e8b465ee728b)  -> (artifact id: '0fbc26d7a589a5338cb01f01cc1cff82') in 0.028713 seconds 
  Import took 0.034974 seconds .

========================================================================
Received Prepare
Registering precompiled user dll's ...
Registered in 0.007663 seconds.
Begin MonoManager ReloadAssembly
Native extension for WindowsStandalone target not found
Refreshing native plugins compatible for Editor in 0.74 ms, found 3 plugins.
Preloading 0 native plugins for Editor in 0.00 ms.
Mono: successfully reloaded assembly
- Completed reload, in  1.564 seconds
Domain Reload Profiling:
	ReloadAssembly (1564ms)
		BeginReloadAssembly (240ms)
			ExecutionOrderSort (0ms)
			DisableScriptedObjects (10ms)
			BackupInstance (0ms)
			ReleaseScriptingObjects (0ms)
			CreateAndSetChildDomain (88ms)
		EndReloadAssembly (1220ms)
			LoadAssemblies (138ms)
			RebuildTransferFunctionScriptingTraits (0ms)
			SetupTypeCache (407ms)
			ReleaseScriptCaches (2ms)
			RebuildScriptCaches (67ms)
			SetupLoadedEditorAssemblies (455ms)
				LogAssemblyErrors (0ms)
				InitializePlatformSupportModulesInManaged (5ms)
				SetLoadedEditorAssemblies (1ms)
				RefreshPlugins (1ms)
				BeforeProcessingInitializeOnLoad (113ms)
				ProcessInitializeOnLoadAttributes (314ms)
				ProcessInitializeOnLoadMethodAttributes (14ms)
				AfterProcessingInitializeOnLoad (7ms)
				EditorAssembliesLoaded (0ms)
			ExecutionOrderSort2 (0ms)
			AwakeInstancesAfterBackupRestoration (12ms)
Platform modules already initialized, skipping
Switching build target platform(19) subTarget(0) extendedPlatform(0) -> platform(13) subTarget(537395200) extendedPlatform(0)
Refreshing native plugins compatible for Editor in 0.72 ms, found 3 plugins.
Preloading 0 native plugins for Editor in 0.00 ms.
Unloading 2557 Unused Serialized files (Serialized files now loaded: 0)
System memory in use before: 113.6 MB.
System memory in use after: 113.8 MB.

Unloading 18 unused Assets to reduce memory usage. Loaded Objects now: 3028.
Total: 4.470900 ms (FindLiveObjects: 0.230700 ms CreateObjectMapping: 0.113900 ms MarkObjects: 4.094600 ms  DeleteObjects: 0.030300 ms)

AssetImportParameters requested are different than current active one (requested -> active):
  custom:framework-win-MediaFoundation: 216162199b28c13a410421893ffa2e32 -> 
  custom:video-decoder-ogg-theora: a1e56fd34408186e4bbccfd4996cb3dc -> 
  custom:container-muxer-webm: aa71ff27fc2769a1b78a27578f13a17b -> 
  custom:container-demuxer-webm: 4f35f7cbe854078d1ac9338744f61a02 -> 
  custom:container-demuxer-ogg: 62fdf1f143b41e24485cea50d1cbac27 -> 
  custom:video-encoder-webm-vp8: eb34c28f22e8b96e1ab97ce403110664 -> 
  custom:video-decoder-webm-vp8: 9c59270c3fd7afecdb556c50c9e8de78 -> 
  custom:graphics/normal-map-encoding: 01000000000000000000000000000000 -> 02000000000000000000000000000000
  custom:audio-decoder-ogg-vorbis: bf7c407c2cedff20999df2af8eb42d56 -> 
  custom:audio-encoder-webm-vorbis: bf7c407c2cedff20999df2af8eb42d56 -> 
========================================================================
Received Import Request.
  Time since last request: 148.140735 seconds.
  path: Assets/Animations/crystal_1.anim
  artifactKey: Guid(0943c1d6892b83b498fa63933b98be1c) Importer(815301076,1909f56bfc062723c751e8b465ee728b)
Start importing Assets/Animations/crystal_1.anim using Guid(0943c1d6892b83b498fa63933b98be1c) Importer(815301076,1909f56bfc062723c751e8b465ee728b)  -> (artifact id: 'acd79da2072d5da50db46d33a753fb3b') in 0.031899 seconds 
  Import took 0.037971 seconds .

========================================================================
Received Import Request.
  Time since last request: 102.092410 seconds.
  path: Assets/Prefabs/gem_1.prefab
  artifactKey: Guid(51727673d1566fd4286824cbcd28a16d) Importer(815301076,1909f56bfc062723c751e8b465ee728b)
Start importing Assets/Prefabs/gem_1.prefab using Guid(51727673d1566fd4286824cbcd28a16d) Importer(815301076,1909f56bfc062723c751e8b465ee728b)  -> (artifact id: '4fb98c12f9b9e5be3867d4aaad582814') in 0.247338 seconds 
  Import took 0.265250 seconds .

========================================================================
Received Import Request.
  Time since last request: 3.547391 seconds.
  path: Assets/Prefabs/gem_1.prefab
  artifactKey: Guid(51727673d1566fd4286824cbcd28a16d) Importer(815301076,1909f56bfc062723c751e8b465ee728b)
Start importing Assets/Prefabs/gem_1.prefab using Guid(51727673d1566fd4286824cbcd28a16d) Importer(815301076,1909f56bfc062723c751e8b465ee728b)  -> (artifact id: '2e7b8603bf93de9cf4b3374af4027f1d') in 0.042694 seconds 
  Import took 0.050489 seconds .

========================================================================
Received Prepare
Registering precompiled user dll's ...
Registered in 0.008133 seconds.
Begin MonoManager ReloadAssembly
Native extension for WindowsStandalone target not found
Refreshing native plugins compatible for Editor in 0.66 ms, found 3 plugins.
Preloading 0 native plugins for Editor in 0.00 ms.
Mono: successfully reloaded assembly
- Completed reload, in  1.858 seconds
Domain Reload Profiling:
	ReloadAssembly (1859ms)
		BeginReloadAssembly (169ms)
			ExecutionOrderSort (0ms)
			DisableScriptedObjects (12ms)
			BackupInstance (0ms)
			ReleaseScriptingObjects (0ms)
			CreateAndSetChildDomain (52ms)
		EndReloadAssembly (1582ms)
			LoadAssemblies (154ms)
			RebuildTransferFunctionScriptingTraits (0ms)
			SetupTypeCache (478ms)
			ReleaseScriptCaches (1ms)
			RebuildScriptCaches (69ms)
			SetupLoadedEditorAssemblies (642ms)
				LogAssemblyErrors (0ms)
				InitializePlatformSupportModulesInManaged (9ms)
				SetLoadedEditorAssemblies (1ms)
				RefreshPlugins (1ms)
				BeforeProcessingInitializeOnLoad (126ms)
				ProcessInitializeOnLoadAttributes (460ms)
				ProcessInitializeOnLoadMethodAttributes (22ms)
				AfterProcessingInitializeOnLoad (23ms)
				EditorAssembliesLoaded (0ms)
			ExecutionOrderSort2 (0ms)
			AwakeInstancesAfterBackupRestoration (27ms)
Platform modules already initialized, skipping
Switching build target platform(19) subTarget(0) extendedPlatform(0) -> platform(13) subTarget(537395200) extendedPlatform(0)
Refreshing native plugins compatible for Editor in 0.90 ms, found 3 plugins.
Preloading 0 native plugins for Editor in 0.00 ms.
Unloading 2557 Unused Serialized files (Serialized files now loaded: 0)
System memory in use before: 113.7 MB.
System memory in use after: 113.9 MB.

Unloading 18 unused Assets to reduce memory usage. Loaded Objects now: 3031.
Total: 5.117900 ms (FindLiveObjects: 0.235500 ms CreateObjectMapping: 0.114900 ms MarkObjects: 4.738100 ms  DeleteObjects: 0.028000 ms)

AssetImportParameters requested are different than current active one (requested -> active):
  custom:framework-win-MediaFoundation: 216162199b28c13a410421893ffa2e32 -> 
  custom:video-decoder-ogg-theora: a1e56fd34408186e4bbccfd4996cb3dc -> 
  custom:container-muxer-webm: aa71ff27fc2769a1b78a27578f13a17b -> 
  custom:container-demuxer-webm: 4f35f7cbe854078d1ac9338744f61a02 -> 
  custom:container-demuxer-ogg: 62fdf1f143b41e24485cea50d1cbac27 -> 
  custom:video-encoder-webm-vp8: eb34c28f22e8b96e1ab97ce403110664 -> 
  custom:video-decoder-webm-vp8: 9c59270c3fd7afecdb556c50c9e8de78 -> 
  custom:graphics/normal-map-encoding: 01000000000000000000000000000000 -> 02000000000000000000000000000000
  custom:audio-decoder-ogg-vorbis: bf7c407c2cedff20999df2af8eb42d56 -> 
  custom:audio-encoder-webm-vorbis: bf7c407c2cedff20999df2af8eb42d56 -> 
========================================================================
Received Import Request.
  Time since last request: 73.101895 seconds.
  path: Assets/Prefabs/gem_1.prefab
  artifactKey: Guid(51727673d1566fd4286824cbcd28a16d) Importer(815301076,1909f56bfc062723c751e8b465ee728b)
Start importing Assets/Prefabs/gem_1.prefab using Guid(51727673d1566fd4286824cbcd28a16d) Importer(815301076,1909f56bfc062723c751e8b465ee728b)  -> (artifact id: 'e9640f2bb897ff5b6ae6fcdb54136a3b') in 0.097907 seconds 
  Import took 0.105110 seconds .

========================================================================
Received Import Request.
  Time since last request: 355.491089 seconds.
  path: Assets/Art/Crystal/Crystal_1/0001.png
  artifactKey: Guid(a190cc28baf432148b502c140c2fe836) Importer(815301076,1909f56bfc062723c751e8b465ee728b)
Start importing Assets/Art/Crystal/Crystal_1/0001.png using Guid(a190cc28baf432148b502c140c2fe836) Importer(815301076,1909f56bfc062723c751e8b465ee728b)  -> (artifact id: '2281df7512245402304bc8031f39188c') in 0.080448 seconds 
  Import took 0.098237 seconds .

========================================================================
Received Import Request.
  Time since last request: 0.000278 seconds.
  path: Assets/Art/Crystal/Crystal_1/0003.png
  artifactKey: Guid(bd380e78cd4cb744fb6e7f5c475c086f) Importer(815301076,1909f56bfc062723c751e8b465ee728b)
Start importing Assets/Art/Crystal/Crystal_1/0003.png using Guid(bd380e78cd4cb744fb6e7f5c475c086f) Importer(815301076,1909f56bfc062723c751e8b465ee728b)  -> (artifact id: '7d57e0922b771af132604d9ef4df82ba') in 0.056862 seconds 
  Import took 0.065783 seconds .

========================================================================
Received Import Request.
  Time since last request: 0.000306 seconds.
  path: Assets/Art/Crystal/Crystal_1/0005.png
  artifactKey: Guid(800fd079feeb4af4e9b8ed75df9f68a7) Importer(815301076,1909f56bfc062723c751e8b465ee728b)
Start importing Assets/Art/Crystal/Crystal_1/0005.png using Guid(800fd079feeb4af4e9b8ed75df9f68a7) Importer(815301076,1909f56bfc062723c751e8b465ee728b)  -> (artifact id: '80a297dbf541b6b967321ec451b54d55') in 0.045982 seconds 
  Import took 0.052747 seconds .

========================================================================
Received Import Request.
  Time since last request: 0.000275 seconds.
  path: Assets/Art/Crystal/Crystal_1/0008.png
  artifactKey: Guid(cccfb82b542d11044b9ac594c2a3d1bb) Importer(815301076,1909f56bfc062723c751e8b465ee728b)
Start importing Assets/Art/Crystal/Crystal_1/0008.png using Guid(cccfb82b542d11044b9ac594c2a3d1bb) Importer(815301076,1909f56bfc062723c751e8b465ee728b)  -> (artifact id: '1093c5a6e1b043059c7a78ea821cf2f2') in 0.050572 seconds 
  Import took 0.056975 seconds .

========================================================================
Received Import Request.
  Time since last request: 0.000269 seconds.
  path: Assets/Art/Crystal/Crystal_1/0002.png
  artifactKey: Guid(51109cdc009454649b7bd962d13ff37a) Importer(815301076,1909f56bfc062723c751e8b465ee728b)
Start importing Assets/Art/Crystal/Crystal_1/0002.png using Guid(51109cdc009454649b7bd962d13ff37a) Importer(815301076,1909f56bfc062723c751e8b465ee728b)  -> (artifact id: '3eea13575b7106078824e18ce1100f06') in 0.044618 seconds 
  Import took 0.052056 seconds .

========================================================================
Received Import Request.
  Time since last request: 0.000247 seconds.
  path: Assets/Art/Crystal/Crystal_1/0004.png
  artifactKey: Guid(c5a5ddabb598d7c43b714b4ae6f6a89e) Importer(815301076,1909f56bfc062723c751e8b465ee728b)
Start importing Assets/Art/Crystal/Crystal_1/0004.png using Guid(c5a5ddabb598d7c43b714b4ae6f6a89e) Importer(815301076,1909f56bfc062723c751e8b465ee728b)  -> (artifact id: 'bede13c8b715341afaaf74b45cc85677') in 0.052707 seconds 
  Import took 0.060786 seconds .

========================================================================
Received Import Request.
  Time since last request: 0.000287 seconds.
  path: Assets/Art/Crystal/Crystal_1/0006.png
  artifactKey: Guid(dc2650bffe2b31e41a313d1364b8f9fe) Importer(815301076,1909f56bfc062723c751e8b465ee728b)
Start importing Assets/Art/Crystal/Crystal_1/0006.png using Guid(dc2650bffe2b31e41a313d1364b8f9fe) Importer(815301076,1909f56bfc062723c751e8b465ee728b)  -> (artifact id: '79821fffe1b8ec97a78a0af43fd312c7') in 0.038647 seconds 
  Import took 0.046728 seconds .

========================================================================
Received Import Request.
  Time since last request: 0.000381 seconds.
  path: Assets/Art/Crystal/Crystal_1/0007.png
  artifactKey: Guid(57d5e66e31bcafc408af1b1bb4aa9b43) Importer(815301076,1909f56bfc062723c751e8b465ee728b)
Start importing Assets/Art/Crystal/Crystal_1/0007.png using Guid(57d5e66e31bcafc408af1b1bb4aa9b43) Importer(815301076,1909f56bfc062723c751e8b465ee728b)  -> (artifact id: '8072cd41ceebf85ebf2fb2efc5d608a2') in 0.049874 seconds 
  Import took 0.057590 seconds .

========================================================================
Received Prepare
Registering precompiled user dll's ...
Registered in 0.007933 seconds.
Begin MonoManager ReloadAssembly
Native extension for WindowsStandalone target not found
Refreshing native plugins compatible for Editor in 0.87 ms, found 3 plugins.
Preloading 0 native plugins for Editor in 0.00 ms.
Mono: successfully reloaded assembly
- Completed reload, in  2.413 seconds
Domain Reload Profiling:
	ReloadAssembly (2414ms)
		BeginReloadAssembly (252ms)
			ExecutionOrderSort (0ms)
			DisableScriptedObjects (25ms)
			BackupInstance (0ms)
			ReleaseScriptingObjects (0ms)
			CreateAndSetChildDomain (87ms)
		EndReloadAssembly (2036ms)
			LoadAssemblies (195ms)
			RebuildTransferFunctionScriptingTraits (0ms)
			SetupTypeCache (730ms)
			ReleaseScriptCaches (1ms)
			RebuildScriptCaches (100ms)
			SetupLoadedEditorAssemblies (755ms)
				LogAssemblyErrors (0ms)
				InitializePlatformSupportModulesInManaged (8ms)
				SetLoadedEditorAssemblies (1ms)
				RefreshPlugins (1ms)
				BeforeProcessingInitializeOnLoad (172ms)
				ProcessInitializeOnLoadAttributes (533ms)
				ProcessInitializeOnLoadMethodAttributes (28ms)
				AfterProcessingInitializeOnLoad (12ms)
				EditorAssembliesLoaded (0ms)
			ExecutionOrderSort2 (0ms)
			AwakeInstancesAfterBackupRestoration (20ms)
Platform modules already initialized, skipping
Switching build target platform(19) subTarget(0) extendedPlatform(0) -> platform(13) subTarget(537395200) extendedPlatform(0)
Refreshing native plugins compatible for Editor in 1.16 ms, found 3 plugins.
Preloading 0 native plugins for Editor in 0.00 ms.
Unloading 2557 Unused Serialized files (Serialized files now loaded: 0)
System memory in use before: 113.7 MB.
System memory in use after: 113.9 MB.

Unloading 18 unused Assets to reduce memory usage. Loaded Objects now: 3034.
Total: 5.669800 ms (FindLiveObjects: 0.306800 ms CreateObjectMapping: 0.139000 ms MarkObjects: 5.195900 ms  DeleteObjects: 0.026600 ms)

AssetImportParameters requested are different than current active one (requested -> active):
  custom:framework-win-MediaFoundation: 216162199b28c13a410421893ffa2e32 -> 
  custom:video-decoder-ogg-theora: a1e56fd34408186e4bbccfd4996cb3dc -> 
  custom:container-muxer-webm: aa71ff27fc2769a1b78a27578f13a17b -> 
  custom:container-demuxer-webm: 4f35f7cbe854078d1ac9338744f61a02 -> 
  custom:container-demuxer-ogg: 62fdf1f143b41e24485cea50d1cbac27 -> 
  custom:video-encoder-webm-vp8: eb34c28f22e8b96e1ab97ce403110664 -> 
  custom:video-decoder-webm-vp8: 9c59270c3fd7afecdb556c50c9e8de78 -> 
  custom:graphics/normal-map-encoding: 01000000000000000000000000000000 -> 02000000000000000000000000000000
  custom:audio-decoder-ogg-vorbis: bf7c407c2cedff20999df2af8eb42d56 -> 
  custom:audio-encoder-webm-vorbis: bf7c407c2cedff20999df2af8eb42d56 -> 
========================================================================
Received Prepare
Registering precompiled user dll's ...
Registered in 0.010162 seconds.
Begin MonoManager ReloadAssembly
Native extension for WindowsStandalone target not found
Refreshing native plugins compatible for Editor in 0.86 ms, found 3 plugins.
Preloading 0 native plugins for Editor in 0.00 ms.
Mono: successfully reloaded assembly
- Completed reload, in  2.496 seconds
Domain Reload Profiling:
	ReloadAssembly (2496ms)
		BeginReloadAssembly (235ms)
			ExecutionOrderSort (0ms)
			DisableScriptedObjects (15ms)
			BackupInstance (0ms)
			ReleaseScriptingObjects (0ms)
			CreateAndSetChildDomain (68ms)
		EndReloadAssembly (2088ms)
			LoadAssemblies (204ms)
			RebuildTransferFunctionScriptingTraits (0ms)
			SetupTypeCache (704ms)
			ReleaseScriptCaches (2ms)
			RebuildScriptCaches (114ms)
			SetupLoadedEditorAssemblies (791ms)
				LogAssemblyErrors (0ms)
				InitializePlatformSupportModulesInManaged (6ms)
				SetLoadedEditorAssemblies (1ms)
				RefreshPlugins (1ms)
				BeforeProcessingInitializeOnLoad (175ms)
				ProcessInitializeOnLoadAttributes (541ms)
				ProcessInitializeOnLoadMethodAttributes (55ms)
				AfterProcessingInitializeOnLoad (11ms)
				EditorAssembliesLoaded (0ms)
			ExecutionOrderSort2 (0ms)
			AwakeInstancesAfterBackupRestoration (19ms)
Platform modules already initialized, skipping
Switching build target platform(19) subTarget(0) extendedPlatform(0) -> platform(13) subTarget(537395200) extendedPlatform(0)
Refreshing native plugins compatible for Editor in 0.82 ms, found 3 plugins.
Preloading 0 native plugins for Editor in 0.00 ms.
Unloading 2557 Unused Serialized files (Serialized files now loaded: 0)
System memory in use before: 113.7 MB.
System memory in use after: 113.9 MB.

Unloading 18 unused Assets to reduce memory usage. Loaded Objects now: 3036.
Total: 5.623900 ms (FindLiveObjects: 0.236800 ms CreateObjectMapping: 0.120000 ms MarkObjects: 5.238500 ms  DeleteObjects: 0.027300 ms)

AssetImportParameters requested are different than current active one (requested -> active):
  custom:framework-win-MediaFoundation: 216162199b28c13a410421893ffa2e32 -> 
  custom:video-decoder-ogg-theora: a1e56fd34408186e4bbccfd4996cb3dc -> 
  custom:container-muxer-webm: aa71ff27fc2769a1b78a27578f13a17b -> 
  custom:container-demuxer-webm: 4f35f7cbe854078d1ac9338744f61a02 -> 
  custom:container-demuxer-ogg: 62fdf1f143b41e24485cea50d1cbac27 -> 
  custom:video-encoder-webm-vp8: eb34c28f22e8b96e1ab97ce403110664 -> 
  custom:video-decoder-webm-vp8: 9c59270c3fd7afecdb556c50c9e8de78 -> 
  custom:graphics/normal-map-encoding: 01000000000000000000000000000000 -> 02000000000000000000000000000000
  custom:audio-decoder-ogg-vorbis: bf7c407c2cedff20999df2af8eb42d56 -> 
  custom:audio-encoder-webm-vorbis: bf7c407c2cedff20999df2af8eb42d56 -> 
========================================================================
Received Import Request.
  Time since last request: 2420.598046 seconds.
  path: Assets/Prefabs/gem_1.prefab
  artifactKey: Guid(51727673d1566fd4286824cbcd28a16d) Importer(815301076,1909f56bfc062723c751e8b465ee728b)
Start importing Assets/Prefabs/gem_1.prefab using Guid(51727673d1566fd4286824cbcd28a16d) Importer(815301076,1909f56bfc062723c751e8b465ee728b)  -> (artifact id: 'de89d21e75f90b4af2a5ced17595b1bf') in 0.156478 seconds 
  Import took 0.172869 seconds .

========================================================================
Received Import Request.
  Time since last request: 4.472083 seconds.
  path: Assets/Prefabs/gem_1.prefab
  artifactKey: Guid(51727673d1566fd4286824cbcd28a16d) Importer(815301076,1909f56bfc062723c751e8b465ee728b)
Start importing Assets/Prefabs/gem_1.prefab using Guid(51727673d1566fd4286824cbcd28a16d) Importer(815301076,1909f56bfc062723c751e8b465ee728b)  -> (artifact id: '78d75e21bb73ad34b92ea1fcfcb625c2') in 0.026728 seconds 
  Import took 0.033794 seconds .

========================================================================
Received Import Request.
  Time since last request: 1.654933 seconds.
  path: Assets/Prefabs/gem_1.prefab
  artifactKey: Guid(51727673d1566fd4286824cbcd28a16d) Importer(815301076,1909f56bfc062723c751e8b465ee728b)
Start importing Assets/Prefabs/gem_1.prefab using Guid(51727673d1566fd4286824cbcd28a16d) Importer(815301076,1909f56bfc062723c751e8b465ee728b)  -> (artifact id: 'd6d179c3f38364bd0667f15b5f5f8ae2') in 0.022193 seconds 
  Import took 0.027256 seconds .

========================================================================
Received Prepare
Registering precompiled user dll's ...
Registered in 0.006566 seconds.
Begin MonoManager ReloadAssembly
Native extension for WindowsStandalone target not found
Refreshing native plugins compatible for Editor in 0.99 ms, found 3 plugins.
Preloading 0 native plugins for Editor in 0.00 ms.
Mono: successfully reloaded assembly
- Completed reload, in  1.585 seconds
Domain Reload Profiling:
	ReloadAssembly (1586ms)
		BeginReloadAssembly (222ms)
			ExecutionOrderSort (0ms)
			DisableScriptedObjects (10ms)
			BackupInstance (0ms)
			ReleaseScriptingObjects (0ms)
			CreateAndSetChildDomain (91ms)
		EndReloadAssembly (1274ms)
			LoadAssemblies (143ms)
			RebuildTransferFunctionScriptingTraits (0ms)
			SetupTypeCache (455ms)
			ReleaseScriptCaches (1ms)
			RebuildScriptCaches (58ms)
			SetupLoadedEditorAssemblies (453ms)
				LogAssemblyErrors (0ms)
				InitializePlatformSupportModulesInManaged (6ms)
				SetLoadedEditorAssemblies (1ms)
				RefreshPlugins (1ms)
				BeforeProcessingInitializeOnLoad (112ms)
				ProcessInitializeOnLoadAttributes (311ms)
				ProcessInitializeOnLoadMethodAttributes (14ms)
				AfterProcessingInitializeOnLoad (7ms)
				EditorAssembliesLoaded (0ms)
			ExecutionOrderSort2 (0ms)
			AwakeInstancesAfterBackupRestoration (12ms)
Platform modules already initialized, skipping
Switching build target platform(19) subTarget(0) extendedPlatform(0) -> platform(13) subTarget(537395200) extendedPlatform(0)
Refreshing native plugins compatible for Editor in 0.66 ms, found 3 plugins.
Preloading 0 native plugins for Editor in 0.00 ms.
Unloading 2557 Unused Serialized files (Serialized files now loaded: 0)
System memory in use before: 113.6 MB.
System memory in use after: 113.8 MB.

Unloading 18 unused Assets to reduce memory usage. Loaded Objects now: 3039.
Total: 4.537400 ms (FindLiveObjects: 0.239300 ms CreateObjectMapping: 0.114900 ms MarkObjects: 4.147500 ms  DeleteObjects: 0.034500 ms)

AssetImportParameters requested are different than current active one (requested -> active):
  custom:framework-win-MediaFoundation: 216162199b28c13a410421893ffa2e32 -> 
  custom:video-decoder-ogg-theora: a1e56fd34408186e4bbccfd4996cb3dc -> 
  custom:container-muxer-webm: aa71ff27fc2769a1b78a27578f13a17b -> 
  custom:container-demuxer-webm: 4f35f7cbe854078d1ac9338744f61a02 -> 
  custom:container-demuxer-ogg: 62fdf1f143b41e24485cea50d1cbac27 -> 
  custom:video-encoder-webm-vp8: eb34c28f22e8b96e1ab97ce403110664 -> 
  custom:video-decoder-webm-vp8: 9c59270c3fd7afecdb556c50c9e8de78 -> 
  custom:graphics/normal-map-encoding: 01000000000000000000000000000000 -> 02000000000000000000000000000000
  custom:audio-decoder-ogg-vorbis: bf7c407c2cedff20999df2af8eb42d56 -> 
  custom:audio-encoder-webm-vorbis: bf7c407c2cedff20999df2af8eb42d56 -> 
========================================================================
Received Import Request.
  Time since last request: 642.639844 seconds.
  path: Assets/Prefabs/gem_1.prefab
  artifactKey: Guid(51727673d1566fd4286824cbcd28a16d) Importer(815301076,1909f56bfc062723c751e8b465ee728b)
Start importing Assets/Prefabs/gem_1.prefab using Guid(51727673d1566fd4286824cbcd28a16d) Importer(815301076,1909f56bfc062723c751e8b465ee728b)  -> (artifact id: 'd89a3f8b892089a6e6d75955a966b999') in 0.093482 seconds 
  Import took 0.100255 seconds .

========================================================================
Received Prepare
Registering precompiled user dll's ...
Registered in 0.005265 seconds.
Begin MonoManager ReloadAssembly
Native extension for WindowsStandalone target not found
Refreshing native plugins compatible for Editor in 0.68 ms, found 3 plugins.
Preloading 0 native plugins for Editor in 0.00 ms.
Mono: successfully reloaded assembly
- Completed reload, in  2.076 seconds
Domain Reload Profiling:
	ReloadAssembly (2076ms)
		BeginReloadAssembly (189ms)
			ExecutionOrderSort (0ms)
			DisableScriptedObjects (11ms)
			BackupInstance (0ms)
			ReleaseScriptingObjects (0ms)
			CreateAndSetChildDomain (66ms)
		EndReloadAssembly (1749ms)
			LoadAssemblies (202ms)
			RebuildTransferFunctionScriptingTraits (0ms)
			SetupTypeCache (679ms)
			ReleaseScriptCaches (2ms)
			RebuildScriptCaches (92ms)
			SetupLoadedEditorAssemblies (455ms)
				LogAssemblyErrors (0ms)
				InitializePlatformSupportModulesInManaged (7ms)
				SetLoadedEditorAssemblies (1ms)
				RefreshPlugins (1ms)
				BeforeProcessingInitializeOnLoad (103ms)
				ProcessInitializeOnLoadAttributes (321ms)
				ProcessInitializeOnLoadMethodAttributes (15ms)
				AfterProcessingInitializeOnLoad (7ms)
				EditorAssembliesLoaded (1ms)
			ExecutionOrderSort2 (0ms)
			AwakeInstancesAfterBackupRestoration (12ms)
Platform modules already initialized, skipping
Switching build target platform(19) subTarget(0) extendedPlatform(0) -> platform(13) subTarget(537395200) extendedPlatform(0)
Refreshing native plugins compatible for Editor in 0.61 ms, found 3 plugins.
Preloading 0 native plugins for Editor in 0.00 ms.
Unloading 2557 Unused Serialized files (Serialized files now loaded: 0)
System memory in use before: 113.7 MB.
System memory in use after: 113.9 MB.

Unloading 18 unused Assets to reduce memory usage. Loaded Objects now: 3042.
Total: 4.160600 ms (FindLiveObjects: 0.232100 ms CreateObjectMapping: 0.114800 ms MarkObjects: 3.789100 ms  DeleteObjects: 0.023400 ms)

AssetImportParameters requested are different than current active one (requested -> active):
  custom:framework-win-MediaFoundation: 216162199b28c13a410421893ffa2e32 -> 
  custom:video-decoder-ogg-theora: a1e56fd34408186e4bbccfd4996cb3dc -> 
  custom:container-muxer-webm: aa71ff27fc2769a1b78a27578f13a17b -> 
  custom:container-demuxer-webm: 4f35f7cbe854078d1ac9338744f61a02 -> 
  custom:container-demuxer-ogg: 62fdf1f143b41e24485cea50d1cbac27 -> 
  custom:video-encoder-webm-vp8: eb34c28f22e8b96e1ab97ce403110664 -> 
  custom:video-decoder-webm-vp8: 9c59270c3fd7afecdb556c50c9e8de78 -> 
  custom:graphics/normal-map-encoding: 01000000000000000000000000000000 -> 02000000000000000000000000000000
  custom:audio-decoder-ogg-vorbis: bf7c407c2cedff20999df2af8eb42d56 -> 
  custom:audio-encoder-webm-vorbis: bf7c407c2cedff20999df2af8eb42d56 -> 
========================================================================
Received Import Request.
  Time since last request: 1560.676887 seconds.
  path: Assets/Prefabs/gem_1.prefab
  artifactKey: Guid(51727673d1566fd4286824cbcd28a16d) Importer(815301076,1909f56bfc062723c751e8b465ee728b)
Start importing Assets/Prefabs/gem_1.prefab using Guid(51727673d1566fd4286824cbcd28a16d) Importer(815301076,1909f56bfc062723c751e8b465ee728b)  -> (artifact id: 'd129fac6db32f0005eaace01fc59916b') in 0.103992 seconds 
  Import took 0.110668 seconds .

========================================================================
Received Import Request.
  Time since last request: 2.888758 seconds.
  path: Assets/Prefabs/gem_1.prefab
  artifactKey: Guid(51727673d1566fd4286824cbcd28a16d) Importer(815301076,1909f56bfc062723c751e8b465ee728b)
Start importing Assets/Prefabs/gem_1.prefab using Guid(51727673d1566fd4286824cbcd28a16d) Importer(815301076,1909f56bfc062723c751e8b465ee728b)  -> (artifact id: '423ba8c1b7c91efb9b847ebd55785573') in 0.021405 seconds 
  Import took 0.027492 seconds .

========================================================================
Received Prepare
Registering precompiled user dll's ...
Registered in 0.011861 seconds.
Begin MonoManager ReloadAssembly
Native extension for WindowsStandalone target not found
Refreshing native plugins compatible for Editor in 0.89 ms, found 3 plugins.
Preloading 0 native plugins for Editor in 0.00 ms.
Mono: successfully reloaded assembly
- Completed reload, in  2.728 seconds
Domain Reload Profiling:
	ReloadAssembly (2729ms)
		BeginReloadAssembly (262ms)
			ExecutionOrderSort (0ms)
			DisableScriptedObjects (13ms)
			BackupInstance (0ms)
			ReleaseScriptingObjects (0ms)
			CreateAndSetChildDomain (74ms)
		EndReloadAssembly (2317ms)
			LoadAssemblies (179ms)
			RebuildTransferFunctionScriptingTraits (0ms)
			SetupTypeCache (778ms)
			ReleaseScriptCaches (2ms)
			RebuildScriptCaches (108ms)
			SetupLoadedEditorAssemblies (858ms)
				LogAssemblyErrors (0ms)
				InitializePlatformSupportModulesInManaged (7ms)
				SetLoadedEditorAssemblies (1ms)
				RefreshPlugins (1ms)
				BeforeProcessingInitializeOnLoad (216ms)
				ProcessInitializeOnLoadAttributes (570ms)
				ProcessInitializeOnLoadMethodAttributes (51ms)
				AfterProcessingInitializeOnLoad (11ms)
				EditorAssembliesLoaded (0ms)
			ExecutionOrderSort2 (0ms)
			AwakeInstancesAfterBackupRestoration (18ms)
Platform modules already initialized, skipping
Switching build target platform(19) subTarget(0) extendedPlatform(0) -> platform(13) subTarget(537395200) extendedPlatform(0)
Refreshing native plugins compatible for Editor in 1.09 ms, found 3 plugins.
Preloading 0 native plugins for Editor in 0.00 ms.
Unloading 2557 Unused Serialized files (Serialized files now loaded: 0)
System memory in use before: 113.7 MB.
System memory in use after: 114.0 MB.

Unloading 18 unused Assets to reduce memory usage. Loaded Objects now: 3045.
Total: 7.406300 ms (FindLiveObjects: 0.809800 ms CreateObjectMapping: 0.333200 ms MarkObjects: 6.228200 ms  DeleteObjects: 0.032500 ms)

AssetImportParameters requested are different than current active one (requested -> active):
  custom:framework-win-MediaFoundation: 216162199b28c13a410421893ffa2e32 -> 
  custom:video-decoder-ogg-theora: a1e56fd34408186e4bbccfd4996cb3dc -> 
  custom:container-muxer-webm: aa71ff27fc2769a1b78a27578f13a17b -> 
  custom:container-demuxer-webm: 4f35f7cbe854078d1ac9338744f61a02 -> 
  custom:container-demuxer-ogg: 62fdf1f143b41e24485cea50d1cbac27 -> 
  custom:video-encoder-webm-vp8: eb34c28f22e8b96e1ab97ce403110664 -> 
  custom:video-decoder-webm-vp8: 9c59270c3fd7afecdb556c50c9e8de78 -> 
  custom:graphics/normal-map-encoding: 01000000000000000000000000000000 -> 02000000000000000000000000000000
  custom:audio-decoder-ogg-vorbis: bf7c407c2cedff20999df2af8eb42d56 -> 
  custom:audio-encoder-webm-vorbis: bf7c407c2cedff20999df2af8eb42d56 -> 
========================================================================
Received Prepare
Registering precompiled user dll's ...
Registered in 0.008760 seconds.
Begin MonoManager ReloadAssembly
Native extension for WindowsStandalone target not found
Refreshing native plugins compatible for Editor in 1.22 ms, found 3 plugins.
Preloading 0 native plugins for Editor in 0.00 ms.
Mono: successfully reloaded assembly
- Completed reload, in  2.035 seconds
Domain Reload Profiling:
	ReloadAssembly (2036ms)
		BeginReloadAssembly (189ms)
			ExecutionOrderSort (0ms)
			DisableScriptedObjects (12ms)
			BackupInstance (0ms)
			ReleaseScriptingObjects (0ms)
			CreateAndSetChildDomain (53ms)
		EndReloadAssembly (1734ms)
			LoadAssemblies (150ms)
			RebuildTransferFunctionScriptingTraits (0ms)
			SetupTypeCache (614ms)
			ReleaseScriptCaches (1ms)
			RebuildScriptCaches (82ms)
			SetupLoadedEditorAssemblies (588ms)
				LogAssemblyErrors (0ms)
				InitializePlatformSupportModulesInManaged (8ms)
				SetLoadedEditorAssemblies (1ms)
				RefreshPlugins (1ms)
				BeforeProcessingInitializeOnLoad (129ms)
				ProcessInitializeOnLoadAttributes (424ms)
				ProcessInitializeOnLoadMethodAttributes (17ms)
				AfterProcessingInitializeOnLoad (7ms)
				EditorAssembliesLoaded (0ms)
			ExecutionOrderSort2 (0ms)
			AwakeInstancesAfterBackupRestoration (12ms)
Platform modules already initialized, skipping
Switching build target platform(19) subTarget(0) extendedPlatform(0) -> platform(13) subTarget(537395200) extendedPlatform(0)
Refreshing native plugins compatible for Editor in 1.47 ms, found 3 plugins.
Preloading 0 native plugins for Editor in 0.00 ms.
Unloading 2557 Unused Serialized files (Serialized files now loaded: 0)
System memory in use before: 113.7 MB.
System memory in use after: 114.0 MB.

Unloading 18 unused Assets to reduce memory usage. Loaded Objects now: 3047.
Total: 10.211500 ms (FindLiveObjects: 2.428000 ms CreateObjectMapping: 0.431400 ms MarkObjects: 7.313200 ms  DeleteObjects: 0.036300 ms)

AssetImportParameters requested are different than current active one (requested -> active):
  custom:framework-win-MediaFoundation: 216162199b28c13a410421893ffa2e32 -> 
  custom:video-decoder-ogg-theora: a1e56fd34408186e4bbccfd4996cb3dc -> 
  custom:container-muxer-webm: aa71ff27fc2769a1b78a27578f13a17b -> 
  custom:container-demuxer-webm: 4f35f7cbe854078d1ac9338744f61a02 -> 
  custom:container-demuxer-ogg: 62fdf1f143b41e24485cea50d1cbac27 -> 
  custom:video-encoder-webm-vp8: eb34c28f22e8b96e1ab97ce403110664 -> 
  custom:video-decoder-webm-vp8: 9c59270c3fd7afecdb556c50c9e8de78 -> 
  custom:graphics/normal-map-encoding: 01000000000000000000000000000000 -> 02000000000000000000000000000000
  custom:audio-decoder-ogg-vorbis: bf7c407c2cedff20999df2af8eb42d56 -> 
  custom:audio-encoder-webm-vorbis: bf7c407c2cedff20999df2af8eb42d56 -> 
========================================================================
Received Import Request.
  Time since last request: 1259.745106 seconds.
  path: Assets/Prefabs/gem_1.prefab
  artifactKey: Guid(51727673d1566fd4286824cbcd28a16d) Importer(815301076,1909f56bfc062723c751e8b465ee728b)
Start importing Assets/Prefabs/gem_1.prefab using Guid(51727673d1566fd4286824cbcd28a16d) Importer(815301076,1909f56bfc062723c751e8b465ee728b)  -> (artifact id: '79372bca6179f855bbc975705ac91bed') in 0.134630 seconds 
  Import took 0.168126 seconds .

========================================================================
Received Import Request.
  Time since last request: 2.423249 seconds.
  path: Assets/Prefabs/gem_1.prefab
  artifactKey: Guid(51727673d1566fd4286824cbcd28a16d) Importer(815301076,1909f56bfc062723c751e8b465ee728b)
Start importing Assets/Prefabs/gem_1.prefab using Guid(51727673d1566fd4286824cbcd28a16d) Importer(815301076,1909f56bfc062723c751e8b465ee728b)  -> (artifact id: '8043c4c07d2c4903f34cf2407984d955') in 0.025376 seconds 
  Import took 0.032085 seconds .

========================================================================
Received Import Request.
  Time since last request: 6.199269 seconds.
  path: Assets/Prefabs/gem_1.prefab
  artifactKey: Guid(51727673d1566fd4286824cbcd28a16d) Importer(815301076,1909f56bfc062723c751e8b465ee728b)
Start importing Assets/Prefabs/gem_1.prefab using Guid(51727673d1566fd4286824cbcd28a16d) Importer(815301076,1909f56bfc062723c751e8b465ee728b)  -> (artifact id: 'e6b1504223a50f8acb99b7a9b42c4e8f') in 0.025352 seconds 
  Import took 0.030966 seconds .

========================================================================
Received Prepare
Registering precompiled user dll's ...
Registered in 0.011259 seconds.
Begin MonoManager ReloadAssembly
Native extension for WindowsStandalone target not found
Refreshing native plugins compatible for Editor in 0.81 ms, found 3 plugins.
Preloading 0 native plugins for Editor in 0.00 ms.
Mono: successfully reloaded assembly
- Completed reload, in  2.048 seconds
Domain Reload Profiling:
	ReloadAssembly (2049ms)
		BeginReloadAssembly (226ms)
			ExecutionOrderSort (0ms)
			DisableScriptedObjects (15ms)
			BackupInstance (0ms)
			ReleaseScriptingObjects (0ms)
			CreateAndSetChildDomain (75ms)
		EndReloadAssembly (1696ms)
			LoadAssemblies (160ms)
			RebuildTransferFunctionScriptingTraits (0ms)
			SetupTypeCache (555ms)
			ReleaseScriptCaches (1ms)
			RebuildScriptCaches (95ms)
			SetupLoadedEditorAssemblies (588ms)
				LogAssemblyErrors (0ms)
				InitializePlatformSupportModulesInManaged (5ms)
				SetLoadedEditorAssemblies (1ms)
				RefreshPlugins (1ms)
				BeforeProcessingInitializeOnLoad (124ms)
				ProcessInitializeOnLoadAttributes (422ms)
				ProcessInitializeOnLoadMethodAttributes (24ms)
				AfterProcessingInitializeOnLoad (11ms)
				EditorAssembliesLoaded (0ms)
			ExecutionOrderSort2 (0ms)
			AwakeInstancesAfterBackupRestoration (23ms)
Platform modules already initialized, skipping
Switching build target platform(19) subTarget(0) extendedPlatform(0) -> platform(13) subTarget(537395200) extendedPlatform(0)
Refreshing native plugins compatible for Editor in 0.78 ms, found 3 plugins.
Preloading 0 native plugins for Editor in 0.00 ms.
Unloading 2557 Unused Serialized files (Serialized files now loaded: 0)
System memory in use before: 113.7 MB.
System memory in use after: 114.0 MB.

Unloading 18 unused Assets to reduce memory usage. Loaded Objects now: 3050.
Total: 5.814000 ms (FindLiveObjects: 0.243900 ms CreateObjectMapping: 0.122300 ms MarkObjects: 5.386900 ms  DeleteObjects: 0.058800 ms)

AssetImportParameters requested are different than current active one (requested -> active):
  custom:framework-win-MediaFoundation: 216162199b28c13a410421893ffa2e32 -> 
  custom:video-decoder-ogg-theora: a1e56fd34408186e4bbccfd4996cb3dc -> 
  custom:container-muxer-webm: aa71ff27fc2769a1b78a27578f13a17b -> 
  custom:container-demuxer-webm: 4f35f7cbe854078d1ac9338744f61a02 -> 
  custom:container-demuxer-ogg: 62fdf1f143b41e24485cea50d1cbac27 -> 
  custom:video-encoder-webm-vp8: eb34c28f22e8b96e1ab97ce403110664 -> 
  custom:video-decoder-webm-vp8: 9c59270c3fd7afecdb556c50c9e8de78 -> 
  custom:graphics/normal-map-encoding: 01000000000000000000000000000000 -> 02000000000000000000000000000000
  custom:audio-decoder-ogg-vorbis: bf7c407c2cedff20999df2af8eb42d56 -> 
  custom:audio-encoder-webm-vorbis: bf7c407c2cedff20999df2af8eb42d56 -> 
========================================================================
Received Import Request.
  Time since last request: 101.378170 seconds.
  path: Assets/Prefabs/gem_1.prefab
  artifactKey: Guid(51727673d1566fd4286824cbcd28a16d) Importer(815301076,1909f56bfc062723c751e8b465ee728b)
Start importing Assets/Prefabs/gem_1.prefab using Guid(51727673d1566fd4286824cbcd28a16d) Importer(815301076,1909f56bfc062723c751e8b465ee728b)  -> (artifact id: 'ad2a14e9a53e0b9086b71f67d9970771') in 0.107085 seconds 
  Import took 0.112501 seconds .

========================================================================
Received Import Request.
  Time since last request: 4.297892 seconds.
  path: Assets/Prefabs/bug.prefab
  artifactKey: Guid(ead0c5fd6eba955499f60262b78abaa6) Importer(815301076,1909f56bfc062723c751e8b465ee728b)
Start importing Assets/Prefabs/bug.prefab using Guid(ead0c5fd6eba955499f60262b78abaa6) Importer(815301076,1909f56bfc062723c751e8b465ee728b)  -> (artifact id: 'e2f3b3db9e573542f01e670caeb4ae30') in 0.063797 seconds 
  Import took 0.070494 seconds .

========================================================================
Received Import Request.
  Time since last request: 2.618558 seconds.
  path: Assets/Prefabs/bug.prefab
  artifactKey: Guid(ead0c5fd6eba955499f60262b78abaa6) Importer(815301076,1909f56bfc062723c751e8b465ee728b)
Start importing Assets/Prefabs/bug.prefab using Guid(ead0c5fd6eba955499f60262b78abaa6) Importer(815301076,1909f56bfc062723c751e8b465ee728b)  -> (artifact id: 'b7169e17e53b8e81ed8642795260d9d3') in 0.045667 seconds 
  Import took 0.053645 seconds .

========================================================================
Received Prepare
Registering precompiled user dll's ...
Registered in 0.007323 seconds.
Begin MonoManager ReloadAssembly
Native extension for WindowsStandalone target not found
Refreshing native plugins compatible for Editor in 0.65 ms, found 3 plugins.
Preloading 0 native plugins for Editor in 0.00 ms.
Mono: successfully reloaded assembly
- Completed reload, in  1.515 seconds
Domain Reload Profiling:
	ReloadAssembly (1515ms)
		BeginReloadAssembly (143ms)
			ExecutionOrderSort (0ms)
			DisableScriptedObjects (8ms)
			BackupInstance (0ms)
			ReleaseScriptingObjects (0ms)
			CreateAndSetChildDomain (44ms)
		EndReloadAssembly (1283ms)
			LoadAssemblies (112ms)
			RebuildTransferFunctionScriptingTraits (0ms)
			SetupTypeCache (415ms)
			ReleaseScriptCaches (1ms)
			RebuildScriptCaches (69ms)
			SetupLoadedEditorAssemblies (460ms)
				LogAssemblyErrors (0ms)
				InitializePlatformSupportModulesInManaged (5ms)
				SetLoadedEditorAssemblies (1ms)
				RefreshPlugins (1ms)
				BeforeProcessingInitializeOnLoad (112ms)
				ProcessInitializeOnLoadAttributes (313ms)
				ProcessInitializeOnLoadMethodAttributes (22ms)
				AfterProcessingInitializeOnLoad (8ms)
				EditorAssembliesLoaded (0ms)
			ExecutionOrderSort2 (0ms)
			AwakeInstancesAfterBackupRestoration (12ms)
Platform modules already initialized, skipping
Switching build target platform(19) subTarget(0) extendedPlatform(0) -> platform(13) subTarget(537395200) extendedPlatform(0)
Refreshing native plugins compatible for Editor in 0.63 ms, found 3 plugins.
Preloading 0 native plugins for Editor in 0.00 ms.
Unloading 2557 Unused Serialized files (Serialized files now loaded: 0)
System memory in use before: 113.8 MB.
System memory in use after: 114.0 MB.

Unloading 18 unused Assets to reduce memory usage. Loaded Objects now: 3053.
Total: 4.032700 ms (FindLiveObjects: 0.227400 ms CreateObjectMapping: 0.114700 ms MarkObjects: 3.667000 ms  DeleteObjects: 0.022100 ms)

AssetImportParameters requested are different than current active one (requested -> active):
  custom:framework-win-MediaFoundation: 216162199b28c13a410421893ffa2e32 -> 
  custom:video-decoder-ogg-theora: a1e56fd34408186e4bbccfd4996cb3dc -> 
  custom:container-muxer-webm: aa71ff27fc2769a1b78a27578f13a17b -> 
  custom:container-demuxer-webm: 4f35f7cbe854078d1ac9338744f61a02 -> 
  custom:container-demuxer-ogg: 62fdf1f143b41e24485cea50d1cbac27 -> 
  custom:video-encoder-webm-vp8: eb34c28f22e8b96e1ab97ce403110664 -> 
  custom:video-decoder-webm-vp8: 9c59270c3fd7afecdb556c50c9e8de78 -> 
  custom:graphics/normal-map-encoding: 01000000000000000000000000000000 -> 02000000000000000000000000000000
  custom:audio-decoder-ogg-vorbis: bf7c407c2cedff20999df2af8eb42d56 -> 
  custom:audio-encoder-webm-vorbis: bf7c407c2cedff20999df2af8eb42d56 -> 
========================================================================
Received Import Request.
  Time since last request: 28.882489 seconds.
  path: Assets/Prefabs/bug.prefab
  artifactKey: Guid(ead0c5fd6eba955499f60262b78abaa6) Importer(815301076,1909f56bfc062723c751e8b465ee728b)
Start importing Assets/Prefabs/bug.prefab using Guid(ead0c5fd6eba955499f60262b78abaa6) Importer(815301076,1909f56bfc062723c751e8b465ee728b)  -> (artifact id: '8029810c57335e5ab9807d1b46e81ef1') in 0.089977 seconds 
  Import took 0.095542 seconds .

========================================================================
Received Import Request.
  Time since last request: 0.289452 seconds.
  path: Assets/Prefabs/bug.prefab
  artifactKey: Guid(ead0c5fd6eba955499f60262b78abaa6) Importer(815301076,1909f56bfc062723c751e8b465ee728b)
Start importing Assets/Prefabs/bug.prefab using Guid(ead0c5fd6eba955499f60262b78abaa6) Importer(815301076,1909f56bfc062723c751e8b465ee728b)  -> (artifact id: 'd3b70bda35338a94082b706befc6d0b8') in 0.045293 seconds 
  Import took 0.051439 seconds .

========================================================================
Received Prepare
Registering precompiled user dll's ...
Registered in 0.005292 seconds.
Begin MonoManager ReloadAssembly
Native extension for WindowsStandalone target not found
Refreshing native plugins compatible for Editor in 0.82 ms, found 3 plugins.
Preloading 0 native plugins for Editor in 0.00 ms.
Mono: successfully reloaded assembly
- Completed reload, in  1.806 seconds
Domain Reload Profiling:
	ReloadAssembly (1807ms)
		BeginReloadAssembly (161ms)
			ExecutionOrderSort (0ms)
			DisableScriptedObjects (9ms)
			BackupInstance (0ms)
			ReleaseScriptingObjects (0ms)
			CreateAndSetChildDomain (61ms)
		EndReloadAssembly (1550ms)
			LoadAssemblies (136ms)
			RebuildTransferFunctionScriptingTraits (0ms)
			SetupTypeCache (534ms)
			ReleaseScriptCaches (1ms)
			RebuildScriptCaches (59ms)
			SetupLoadedEditorAssemblies (576ms)
				LogAssemblyErrors (0ms)
				InitializePlatformSupportModulesInManaged (5ms)
				SetLoadedEditorAssemblies (1ms)
				RefreshPlugins (1ms)
				BeforeProcessingInitializeOnLoad (125ms)
				ProcessInitializeOnLoadAttributes (423ms)
				ProcessInitializeOnLoadMethodAttributes (14ms)
				AfterProcessingInitializeOnLoad (7ms)
				EditorAssembliesLoaded (0ms)
			ExecutionOrderSort2 (0ms)
			AwakeInstancesAfterBackupRestoration (14ms)
Platform modules already initialized, skipping
Switching build target platform(19) subTarget(0) extendedPlatform(0) -> platform(13) subTarget(537395200) extendedPlatform(0)
Refreshing native plugins compatible for Editor in 0.83 ms, found 3 plugins.
Preloading 0 native plugins for Editor in 0.00 ms.
Unloading 2557 Unused Serialized files (Serialized files now loaded: 0)
System memory in use before: 113.9 MB.
System memory in use after: 114.1 MB.

Unloading 18 unused Assets to reduce memory usage. Loaded Objects now: 3056.
Total: 6.924700 ms (FindLiveObjects: 0.548800 ms CreateObjectMapping: 0.210600 ms MarkObjects: 6.140700 ms  DeleteObjects: 0.023300 ms)

AssetImportParameters requested are different than current active one (requested -> active):
  custom:framework-win-MediaFoundation: 216162199b28c13a410421893ffa2e32 -> 
  custom:video-decoder-ogg-theora: a1e56fd34408186e4bbccfd4996cb3dc -> 
  custom:container-muxer-webm: aa71ff27fc2769a1b78a27578f13a17b -> 
  custom:container-demuxer-webm: 4f35f7cbe854078d1ac9338744f61a02 -> 
  custom:container-demuxer-ogg: 62fdf1f143b41e24485cea50d1cbac27 -> 
  custom:video-encoder-webm-vp8: eb34c28f22e8b96e1ab97ce403110664 -> 
  custom:video-decoder-webm-vp8: 9c59270c3fd7afecdb556c50c9e8de78 -> 
  custom:graphics/normal-map-encoding: 01000000000000000000000000000000 -> 02000000000000000000000000000000
  custom:audio-decoder-ogg-vorbis: bf7c407c2cedff20999df2af8eb42d56 -> 
  custom:audio-encoder-webm-vorbis: bf7c407c2cedff20999df2af8eb42d56 -> 
========================================================================
Received Import Request.
  Time since last request: 357.023867 seconds.
  path: Assets/Art/Crystal/Crystal_1/0001.png
  artifactKey: Guid(a190cc28baf432148b502c140c2fe836) Importer(815301076,1909f56bfc062723c751e8b465ee728b)
Start importing Assets/Art/Crystal/Crystal_1/0001.png using Guid(a190cc28baf432148b502c140c2fe836) Importer(815301076,1909f56bfc062723c751e8b465ee728b)  -> (artifact id: '6c8ac3e6871d4b1ef8942082650fda8f') in 0.237613 seconds 
  Import took 0.242269 seconds .

========================================================================
Received Import Request.
  Time since last request: 0.000219 seconds.
  path: Assets/Art/Crystal/Crystal_1/0003.png
  artifactKey: Guid(bd380e78cd4cb744fb6e7f5c475c086f) Importer(815301076,1909f56bfc062723c751e8b465ee728b)
Start importing Assets/Art/Crystal/Crystal_1/0003.png using Guid(bd380e78cd4cb744fb6e7f5c475c086f) Importer(815301076,1909f56bfc062723c751e8b465ee728b)  -> (artifact id: 'be9fb9aa646cfb551988b22bc926552e') in 0.041620 seconds 
  Import took 0.046650 seconds .

========================================================================
Received Import Request.
  Time since last request: 0.000163 seconds.
  path: Assets/Art/Crystal/Crystal_1/0005.png
  artifactKey: Guid(800fd079feeb4af4e9b8ed75df9f68a7) Importer(815301076,1909f56bfc062723c751e8b465ee728b)
Start importing Assets/Art/Crystal/Crystal_1/0005.png using Guid(800fd079feeb4af4e9b8ed75df9f68a7) Importer(815301076,1909f56bfc062723c751e8b465ee728b)  -> (artifact id: '9b78e0df2d9b9df91b17f7ca1dfdd1f6') in 0.037229 seconds 
  Import took 0.042708 seconds .

========================================================================
Received Import Request.
  Time since last request: 0.000461 seconds.
  path: Assets/Art/Crystal/Crystal_1/0002.png
  artifactKey: Guid(51109cdc009454649b7bd962d13ff37a) Importer(815301076,1909f56bfc062723c751e8b465ee728b)
Start importing Assets/Art/Crystal/Crystal_1/0002.png using Guid(51109cdc009454649b7bd962d13ff37a) Importer(815301076,1909f56bfc062723c751e8b465ee728b)  -> (artifact id: 'cd3a50c0b8e9f519a6bbd5c5589f4d83') in 0.035433 seconds 
  Import took 0.040994 seconds .

========================================================================
Received Import Request.
  Time since last request: 0.000270 seconds.
  path: Assets/Art/Crystal/Crystal_1/0004.png
  artifactKey: Guid(c5a5ddabb598d7c43b714b4ae6f6a89e) Importer(815301076,1909f56bfc062723c751e8b465ee728b)
Start importing Assets/Art/Crystal/Crystal_1/0004.png using Guid(c5a5ddabb598d7c43b714b4ae6f6a89e) Importer(815301076,1909f56bfc062723c751e8b465ee728b)  -> (artifact id: '416875ee5383ef14da1af55a739b0eaf') in 0.035419 seconds 
  Import took 0.041231 seconds .

========================================================================
Received Import Request.
  Time since last request: 0.000204 seconds.
  path: Assets/Art/Crystal/Crystal_1/0006.png
  artifactKey: Guid(dc2650bffe2b31e41a313d1364b8f9fe) Importer(815301076,1909f56bfc062723c751e8b465ee728b)
Start importing Assets/Art/Crystal/Crystal_1/0006.png using Guid(dc2650bffe2b31e41a313d1364b8f9fe) Importer(815301076,1909f56bfc062723c751e8b465ee728b)  -> (artifact id: 'ea784e4be08820e23affaf760c664f3b') in 0.033659 seconds 
  Import took 0.039314 seconds .

========================================================================
Received Import Request.
  Time since last request: 0.000742 seconds.
  path: Assets/Art/Crystal/Crystal_1/0007.png
  artifactKey: Guid(57d5e66e31bcafc408af1b1bb4aa9b43) Importer(815301076,1909f56bfc062723c751e8b465ee728b)
Start importing Assets/Art/Crystal/Crystal_1/0007.png using Guid(57d5e66e31bcafc408af1b1bb4aa9b43) Importer(815301076,1909f56bfc062723c751e8b465ee728b)  -> (artifact id: '5a1206fbe87ce21b8ac85b4b067a872f') in 0.033184 seconds 
  Import took 0.038810 seconds .

========================================================================
Received Import Request.
  Time since last request: 0.000228 seconds.
  path: Assets/Art/Crystal/Crystal_1/0000.png
  artifactKey: Guid(67641fa1c9f14fd46b52eafee2667acc) Importer(815301076,1909f56bfc062723c751e8b465ee728b)
Start importing Assets/Art/Crystal/Crystal_1/0000.png using Guid(67641fa1c9f14fd46b52eafee2667acc) Importer(815301076,1909f56bfc062723c751e8b465ee728b)  -> (artifact id: '2a7a72bc7cbccfc82aea4ed1c524bd9e') in 0.037441 seconds 
  Import took 0.044301 seconds .

========================================================================
Received Prepare
Registering precompiled user dll's ...
Registered in 0.008293 seconds.
Begin MonoManager ReloadAssembly
Native extension for WindowsStandalone target not found
Refreshing native plugins compatible for Editor in 1.30 ms, found 3 plugins.
Preloading 0 native plugins for Editor in 0.00 ms.
Mono: successfully reloaded assembly
- Completed reload, in  1.780 seconds
Domain Reload Profiling:
	ReloadAssembly (1781ms)
		BeginReloadAssembly (164ms)
			ExecutionOrderSort (0ms)
			DisableScriptedObjects (8ms)
			BackupInstance (0ms)
			ReleaseScriptingObjects (0ms)
			CreateAndSetChildDomain (53ms)
		EndReloadAssembly (1515ms)
			LoadAssemblies (134ms)
			RebuildTransferFunctionScriptingTraits (0ms)
			SetupTypeCache (547ms)
			ReleaseScriptCaches (1ms)
			RebuildScriptCaches (67ms)
			SetupLoadedEditorAssemblies (506ms)
				LogAssemblyErrors (0ms)
				InitializePlatformSupportModulesInManaged (5ms)
				SetLoadedEditorAssemblies (1ms)
				RefreshPlugins (1ms)
				BeforeProcessingInitializeOnLoad (138ms)
				ProcessInitializeOnLoadAttributes (339ms)
				ProcessInitializeOnLoadMethodAttributes (14ms)
				AfterProcessingInitializeOnLoad (7ms)
				EditorAssembliesLoaded (0ms)
			ExecutionOrderSort2 (0ms)
			AwakeInstancesAfterBackupRestoration (11ms)
Platform modules already initialized, skipping
Switching build target platform(19) subTarget(0) extendedPlatform(0) -> platform(13) subTarget(537395200) extendedPlatform(0)
Refreshing native plugins compatible for Editor in 0.70 ms, found 3 plugins.
Preloading 0 native plugins for Editor in 0.00 ms.
Unloading 2557 Unused Serialized files (Serialized files now loaded: 0)
System memory in use before: 113.9 MB.
System memory in use after: 114.1 MB.

Unloading 18 unused Assets to reduce memory usage. Loaded Objects now: 3059.
Total: 4.508000 ms (FindLiveObjects: 0.309500 ms CreateObjectMapping: 0.150500 ms MarkObjects: 4.025000 ms  DeleteObjects: 0.021800 ms)

AssetImportParameters requested are different than current active one (requested -> active):
  custom:framework-win-MediaFoundation: 216162199b28c13a410421893ffa2e32 -> 
  custom:video-decoder-ogg-theora: a1e56fd34408186e4bbccfd4996cb3dc -> 
  custom:container-muxer-webm: aa71ff27fc2769a1b78a27578f13a17b -> 
  custom:container-demuxer-webm: 4f35f7cbe854078d1ac9338744f61a02 -> 
  custom:container-demuxer-ogg: 62fdf1f143b41e24485cea50d1cbac27 -> 
  custom:video-encoder-webm-vp8: eb34c28f22e8b96e1ab97ce403110664 -> 
  custom:video-decoder-webm-vp8: 9c59270c3fd7afecdb556c50c9e8de78 -> 
  custom:graphics/normal-map-encoding: 01000000000000000000000000000000 -> 02000000000000000000000000000000
  custom:audio-decoder-ogg-vorbis: bf7c407c2cedff20999df2af8eb42d56 -> 
  custom:audio-encoder-webm-vorbis: bf7c407c2cedff20999df2af8eb42d56 -> 
========================================================================
Received Prepare
Registering precompiled user dll's ...
Registered in 0.010987 seconds.
Begin MonoManager ReloadAssembly
Native extension for WindowsStandalone target not found
Refreshing native plugins compatible for Editor in 0.72 ms, found 3 plugins.
Preloading 0 native plugins for Editor in 0.00 ms.
Mono: successfully reloaded assembly
- Completed reload, in  6.061 seconds
Domain Reload Profiling:
	ReloadAssembly (6064ms)
		BeginReloadAssembly (387ms)
			ExecutionOrderSort (0ms)
			DisableScriptedObjects (37ms)
			BackupInstance (0ms)
			ReleaseScriptingObjects (0ms)
			CreateAndSetChildDomain (125ms)
		EndReloadAssembly (5444ms)
			LoadAssemblies (191ms)
			RebuildTransferFunctionScriptingTraits (0ms)
			SetupTypeCache (1110ms)
			ReleaseScriptCaches (1ms)
			RebuildScriptCaches (131ms)
			SetupLoadedEditorAssemblies (1301ms)
				LogAssemblyErrors (0ms)
				InitializePlatformSupportModulesInManaged (10ms)
				SetLoadedEditorAssemblies (1ms)
				RefreshPlugins (1ms)
				BeforeProcessingInitializeOnLoad (401ms)
				ProcessInitializeOnLoadAttributes (846ms)
				ProcessInitializeOnLoadMethodAttributes (24ms)
				AfterProcessingInitializeOnLoad (18ms)
				EditorAssembliesLoaded (0ms)
			ExecutionOrderSort2 (0ms)
			AwakeInstancesAfterBackupRestoration (29ms)
Platform modules already initialized, skipping
Switching build target platform(19) subTarget(0) extendedPlatform(0) -> platform(13) subTarget(537395200) extendedPlatform(0)
Refreshing native plugins compatible for Editor in 1.04 ms, found 3 plugins.
Preloading 0 native plugins for Editor in 0.00 ms.
Unloading 2557 Unused Serialized files (Serialized files now loaded: 0)
System memory in use before: 113.9 MB.
System memory in use after: 114.1 MB.

Unloading 18 unused Assets to reduce memory usage. Loaded Objects now: 3061.
Total: 5.768400 ms (FindLiveObjects: 0.378400 ms CreateObjectMapping: 0.142400 ms MarkObjects: 5.218000 ms  DeleteObjects: 0.027700 ms)

AssetImportParameters requested are different than current active one (requested -> active):
  custom:framework-win-MediaFoundation: 216162199b28c13a410421893ffa2e32 -> 
  custom:video-decoder-ogg-theora: a1e56fd34408186e4bbccfd4996cb3dc -> 
  custom:container-muxer-webm: aa71ff27fc2769a1b78a27578f13a17b -> 
  custom:container-demuxer-webm: 4f35f7cbe854078d1ac9338744f61a02 -> 
  custom:container-demuxer-ogg: 62fdf1f143b41e24485cea50d1cbac27 -> 
  custom:video-encoder-webm-vp8: eb34c28f22e8b96e1ab97ce403110664 -> 
  custom:video-decoder-webm-vp8: 9c59270c3fd7afecdb556c50c9e8de78 -> 
  custom:graphics/normal-map-encoding: 01000000000000000000000000000000 -> 02000000000000000000000000000000
  custom:audio-decoder-ogg-vorbis: bf7c407c2cedff20999df2af8eb42d56 -> 
  custom:audio-encoder-webm-vorbis: bf7c407c2cedff20999df2af8eb42d56 -> 
